0 info it worked if it ends with ok
1 verbose cli [ '/Users/shekhei/.nvm/versions/io.js/v2.0.0/bin/iojs',
1 verbose cli   '/Users/shekhei/.nvm/versions/io.js/v2.0.0/bin/npm',
1 verbose cli   'version',
1 verbose cli   'patch' ]
2 info using npm@2.9.0
3 info using node@v2.0.0
4 info git [ 'status', '--porcelain' ]
5 verbose stack Error: Git working directory not clean.
5 verbose stack M dist/query.js
5 verbose stack M src/query.js
5 verbose stack     at /Users/shekhei/.nvm/versions/io.js/v2.0.0/lib/node_modules/npm/lib/version.js:138:37
5 verbose stack     at ChildProcess.exithandler (child_process.js:676:7)
5 verbose stack     at emitTwo (events.js:87:13)
5 verbose stack     at ChildProcess.emit (events.js:169:7)
5 verbose stack     at maybeClose (child_process.js:953:16)
5 verbose stack     at Socket.<anonymous> (child_process.js:1114:11)
5 verbose stack     at emitOne (events.js:77:13)
5 verbose stack     at Socket.emit (events.js:166:7)
5 verbose stack     at Pipe._onclose (net.js:456:12)
6 verbose cwd /Users/shekhei/Development/git/orientose
7 error Darwin 14.1.0
8 error argv "/Users/shekhei/.nvm/versions/io.js/v2.0.0/bin/iojs" "/Users/shekhei/.nvm/versions/io.js/v2.0.0/bin/npm" "version" "patch"
9 error node v2.0.0
10 error npm  v2.9.0
11 error Git working directory not clean.
11 error M dist/query.js
11 error M src/query.js
12 error If you need help, you may report this error at:
12 error     <https://github.com/npm/npm/issues>
13 verbose exit [ 1, true ]
